# JRE version: OpenJDK Runtime Environment (11.0.7+10) (build 11.0.7+10-post-Ubuntu-3ubuntu1)
# Java VM: OpenJDK 64-Bit Server VM (11.0.7+10-post-Ubuntu-3ubuntu1, mixed mode, sharing, tiered, compressed oops, g1 gc, linux-amd64)
Heap:
 garbage-first heap   total 393216K, used 228036K [0x0000000083800000, 0x0000000100000000)
  region size 1024K, 47 young (48128K), 1 survivors (1024K)
 Metaspace       used 571K, capacity 4613K, committed 4864K, reserved 1056768K
  class space    used 56K, capacity 404K, committed 512K, reserved 1048576K
GC Heap History (17 events):
Event: 0,108 GC heap before
{Heap before GC invocations=0 (full 0):
 garbage-first heap   total 131072K, used 10948K [0x0000000083800000, 0x0000000100000000)
  region size 1024K, 7 young (7168K), 0 survivors (0K)
 Metaspace       used 325K, capacity 4505K, committed 4864K, reserved 1056768K
  class space    used 29K, capacity 392K, committed 512K, reserved 1048576K
}
Event: 0,131 GC heap after
{Heap after GC invocations=1 (full 0):
 garbage-first heap   total 131072K, used 10454K [0x0000000083800000, 0x0000000100000000)
  region size 1024K, 1 young (1024K), 1 survivors (1024K)
 Metaspace       used 325K, capacity 4505K, committed 4864K, reserved 1056768K
  class space    used 29K, capacity 392K, committed 512K, reserved 1048576K
}
Event: 0,156 GC heap before
{Heap before GC invocations=1 (full 0):
 garbage-first heap   total 131072K, used 22742K [0x0000000083800000, 0x0000000100000000)
  region size 1024K, 6 young (6144K), 1 survivors (1024K)
 Metaspace       used 326K, capacity 4505K, committed 4864K, reserved 1056768K
  class space    used 29K, capacity 392K, committed 512K, reserved 1048576K
}
Event: 0,170 GC heap after
{Heap after GC invocations=2 (full 0):
 garbage-first heap   total 131072K, used 23114K [0x0000000083800000, 0x0000000100000000)
  region size 1024K, 1 young (1024K), 1 survivors (1024K)
 Metaspace       used 326K, capacity 4505K, committed 4864K, reserved 1056768K
  class space    used 29K, capacity 392K, committed 512K, reserved 1048576K
}
Event: 0,181 GC heap before
{Heap before GC invocations=2 (full 0):
 garbage-first heap   total 131072K, used 33354K [0x0000000083800000, 0x0000000100000000)
  region size 1024K, 6 young (6144K), 1 survivors (1024K)
 Metaspace       used 326K, capacity 4505K, committed 4864K, reserved 1056768K
  class space    used 29K, capacity 392K, committed 512K, reserved 1048576K
}
Event: 0,197 GC heap after
{Heap after GC invocations=3 (full 0):
 garbage-first heap   total 131072K, used 34135K [0x0000000083800000, 0x0000000100000000)
  region size 1024K, 1 young (1024K), 1 survivors (1024K)
 Metaspace       used 326K, capacity 4505K, committed 4864K, reserved 1056768K
  class space    used 29K, capacity 392K, committed 512K, reserved 1048576K
}
Event: 0,211 GC heap before
{Heap before GC invocations=3 (full 0):
 garbage-first heap   total 131072K, used 48471K [0x0000000083800000, 0x0000000100000000)
  region size 1024K, 8 young (8192K), 1 survivors (1024K)
 Metaspace       used 326K, capacity 4505K, committed 4864K, reserved 1056768K
  class space    used 29K, capacity 392K, committed 512K, reserved 1048576K
}
Event: 0,224 GC heap after
{Heap after GC invocations=4 (full 0):
 garbage-first heap   total 131072K, used 48822K [0x0000000083800000, 0x0000000100000000)
  region size 1024K, 1 young (1024K), 1 survivors (1024K)
 Metaspace       used 326K, capacity 4505K, committed 4864K, reserved 1056768K
  class space    used 29K, capacity 392K, committed 512K, reserved 1048576K
}
Event: 0,229 GC heap before
{Heap before GC invocations=4 (full 0):
 garbage-first heap   total 131072K, used 53942K [0x0000000083800000, 0x0000000100000000)
  region size 1024K, 7 young (7168K), 1 survivors (1024K)
 Metaspace       used 326K, capacity 4505K, committed 4864K, reserved 1056768K
  class space    used 29K, capacity 392K, committed 512K, reserved 1048576K
}
Event: 0,240 GC heap after
{Heap after GC invocations=5 (full 0):
 garbage-first heap   total 393216K, used 55421K [0x0000000083800000, 0x0000000100000000)
  region size 1024K, 2 young (2048K), 2 survivors (2048K)
 Metaspace       used 326K, capacity 4505K, committed 4864K, reserved 1056768K
  class space    used 29K, capacity 392K, committed 512K, reserved 1048576K
}
Event: 0,284 GC heap before
{Heap before GC invocations=5 (full 0):
 garbage-first heap   total 393216K, used 100477K [0x0000000083800000, 0x0000000100000000)
  region size 1024K, 19 young (19456K), 2 survivors (2048K)
 Metaspace       used 326K, capacity 4505K, committed 4864K, reserved 1056768K
  class space    used 29K, capacity 392K, committed 512K, reserved 1048576K
}
Event: 0,312 GC heap after
{Heap after GC invocations=6 (full 0):
 garbage-first heap   total 393216K, used 101060K [0x0000000083800000, 0x0000000100000000)
  region size 1024K, 3 young (3072K), 3 survivors (3072K)
 Metaspace       used 326K, capacity 4505K, committed 4864K, reserved 1056768K
  class space    used 29K, capacity 392K, committed 512K, reserved 1048576K
}
Event: 0,329 GC heap before
{Heap before GC invocations=6 (full 0):
 garbage-first heap   total 393216K, used 117444K [0x0000000083800000, 0x0000000100000000)
  region size 1024K, 19 young (19456K), 3 survivors (3072K)
 Metaspace       used 326K, capacity 4505K, committed 4864K, reserved 1056768K
  class space    used 29K, capacity 392K, committed 512K, reserved 1048576K
}
Event: 0,354 GC heap after
{Heap after GC invocations=7 (full 0):
 garbage-first heap   total 393216K, used 118468K [0x0000000083800000, 0x0000000100000000)
  region size 1024K, 3 young (3072K), 3 survivors (3072K)
 Metaspace       used 326K, capacity 4505K, committed 4864K, reserved 1056768K
  class space    used 29K, capacity 392K, committed 512K, reserved 1048576K
}
Event: 0,391 GC heap before
{Heap before GC invocations=7 (full 0):
 garbage-first heap   total 393216K, used 159428K [0x0000000083800000, 0x0000000100000000)
  region size 1024K, 19 young (19456K), 3 survivors (3072K)
 Metaspace       used 326K, capacity 4505K, committed 4864K, reserved 1056768K
  class space    used 29K, capacity 392K, committed 512K, reserved 1048576K
}
Event: 0,412 GC heap after
{Heap after GC invocations=8 (full 0):
 garbage-first heap   total 393216K, used 160452K [0x0000000083800000, 0x0000000100000000)
  region size 1024K, 3 young (3072K), 3 survivors (3072K)
 Metaspace       used 326K, capacity 4505K, committed 4864K, reserved 1056768K
  class space    used 29K, capacity 392K, committed 512K, reserved 1048576K
}
Event: 3,308 GC heap before
{Heap before GC invocations=9 (full 0):
 garbage-first heap   total 393216K, used 228036K [0x0000000083800000, 0x0000000100000000)
  region size 1024K, 49 young (50176K), 3 survivors (3072K)
 Metaspace       used 571K, capacity 4613K, committed 4864K, reserved 1056768K
  class space    used 56K, capacity 404K, committed 512K, reserved 1048576K
}

